+ echo 'Job ID: 1458569'
+ echo 'Job Name: 13_base_sc-direct_comaprision'
+ echo 'Node: gx02'
++ date
+ echo 'Start Time: Sun Nov 30 20:36:35 CET 2025'
++ pwd
+ echo 'Working Directory: /sc/home/sandeep.uprety/thesis_project/self_correction_llm_based_translation_thesis/thesis_project/sh_files'
+ nvidia-smi
+ cd /sc/home/sandeep.uprety/thesis_project/self_correction_llm_based_translation_thesis/thesis_project/scripts/
+ export TOKENIZERS_PARALLELISM=false
+ TOKENIZERS_PARALLELISM=false
+ export CUDA_VISIBLE_DEVICES=0
+ CUDA_VISIBLE_DEVICES=0
+ export PYTORCH_CUDA_ALLOC_CONF=expandable_segments:True
+ PYTORCH_CUDA_ALLOC_CONF=expandable_segments:True
+ echo 13_base_sc-direct_comaprision
+ python3 13_base_sc-direct_comaprision.py
Traceback (most recent call last):
  File "/sc/home/sandeep.uprety/.local/lib/python3.12/site-packages/pandas/core/indexes/base.py", line 3812, in get_loc
    return self._engine.get_loc(casted_key)
           ^^^^^^^^^^^^^^^^^^^^^^^^^^^^^^^^
  File "pandas/_libs/index.pyx", line 167, in pandas._libs.index.IndexEngine.get_loc
  File "pandas/_libs/index.pyx", line 196, in pandas._libs.index.IndexEngine.get_loc
  File "pandas/_libs/hashtable_class_helper.pxi", line 7088, in pandas._libs.hashtable.PyObjectHashTable.get_item
  File "pandas/_libs/hashtable_class_helper.pxi", line 7096, in pandas._libs.hashtable.PyObjectHashTable.get_item
KeyError: 'initial_comet'

The above exception was the direct cause of the following exception:

Traceback (most recent call last):
  File "/sc/home/sandeep.uprety/thesis_project/self_correction_llm_based_translation_thesis/thesis_project/scripts/13_base_sc-direct_comaprision.py", line 207, in <module>
    main()
  File "/sc/home/sandeep.uprety/thesis_project/self_correction_llm_based_translation_thesis/thesis_project/scripts/13_base_sc-direct_comaprision.py", line 69, in main
    sc_initial_comet = sc_df["initial_comet"].tolist()
                       ~~~~~^^^^^^^^^^^^^^^^^
  File "/sc/home/sandeep.uprety/.local/lib/python3.12/site-packages/pandas/core/frame.py", line 4107, in __getitem__
    indexer = self.columns.get_loc(key)
              ^^^^^^^^^^^^^^^^^^^^^^^^^
  File "/sc/home/sandeep.uprety/.local/lib/python3.12/site-packages/pandas/core/indexes/base.py", line 3819, in get_loc
    raise KeyError(key) from err
KeyError: 'initial_comet'
