Traceback (most recent call last):
  File "/sc/home/sandeep.uprety/.local/lib/python3.12/site-packages/transformers/utils/hub.py", line 479, in cached_files
    hf_hub_download(
  File "/sc/home/sandeep.uprety/.local/lib/python3.12/site-packages/huggingface_hub/utils/_validators.py", line 106, in _inner_fn
    validate_repo_id(arg_value)
  File "/sc/home/sandeep.uprety/.local/lib/python3.12/site-packages/huggingface_hub/utils/_validators.py", line 154, in validate_repo_id
    raise HFValidationError(
huggingface_hub.errors.HFValidationError: Repo id must be in the form 'repo_name' or 'namespace/repo_name': '../models/wmt_merged/mistral_zh_en'. Use `repo_type` argument if needed.

During handling of the above exception, another exception occurred:

Traceback (most recent call last):
  File "/sc/home/sandeep.uprety/thesis_project/self_correction_llm_based_translation_thesis/thesis_project/scripts/4_wmt_evaluation.py", line 312, in <module>
    main()
  File "/sc/home/sandeep.uprety/thesis_project/self_correction_llm_based_translation_thesis/thesis_project/scripts/4_wmt_evaluation.py", line 227, in main
    tokenizer = AutoTokenizer.from_pretrained(
                ^^^^^^^^^^^^^^^^^^^^^^^^^^^^^^
  File "/sc/home/sandeep.uprety/.local/lib/python3.12/site-packages/transformers/models/auto/tokenization_auto.py", line 1073, in from_pretrained
    tokenizer_config = get_tokenizer_config(pretrained_model_name_or_path, **kwargs)
                       ^^^^^^^^^^^^^^^^^^^^^^^^^^^^^^^^^^^^^^^^^^^^^^^^^^^^^^^^^^^^^
  File "/sc/home/sandeep.uprety/.local/lib/python3.12/site-packages/transformers/models/auto/tokenization_auto.py", line 905, in get_tokenizer_config
    resolved_config_file = cached_file(
                           ^^^^^^^^^^^^
  File "/sc/home/sandeep.uprety/.local/lib/python3.12/site-packages/transformers/utils/hub.py", line 322, in cached_file
    file = cached_files(path_or_repo_id=path_or_repo_id, filenames=[filename], **kwargs)
           ^^^^^^^^^^^^^^^^^^^^^^^^^^^^^^^^^^^^^^^^^^^^^^^^^^^^^^^^^^^^^^^^^^^^^^^^^^^^^
  File "/sc/home/sandeep.uprety/.local/lib/python3.12/site-packages/transformers/utils/hub.py", line 532, in cached_files
    _get_cache_file_to_return(path_or_repo_id, filename, cache_dir, revision, repo_type)
  File "/sc/home/sandeep.uprety/.local/lib/python3.12/site-packages/transformers/utils/hub.py", line 143, in _get_cache_file_to_return
    resolved_file = try_to_load_from_cache(
                    ^^^^^^^^^^^^^^^^^^^^^^^
  File "/sc/home/sandeep.uprety/.local/lib/python3.12/site-packages/huggingface_hub/utils/_validators.py", line 106, in _inner_fn
    validate_repo_id(arg_value)
  File "/sc/home/sandeep.uprety/.local/lib/python3.12/site-packages/huggingface_hub/utils/_validators.py", line 154, in validate_repo_id
    raise HFValidationError(
huggingface_hub.errors.HFValidationError: Repo id must be in the form 'repo_name' or 'namespace/repo_name': '../models/wmt_merged/mistral_zh_en'. Use `repo_type` argument if needed.
